1511,1512
1497,1498,1499,1500,1501,1502,1503,1504,1507,1509,1510
1506
1496,1505
1494,1495
1493
1474,1475,1476,1477,1478,1479,1480,1481,1482,1483,1484,1485,1486,1487,1488,1490,1492
1489
1457,1458,1460,1473
1461,1464,1465,1466,1471,1472
1467,1468,1469,1470
1436,1437,1439,1442,1443,1444,1445,1446,1447,1448,1449,1459
1456
1450,1451,1452,1453,1454
229,231,234,235,237,239,240,248,249,250,257,258,1434,1435
1433
1432
1428,1429,1430,1431
1334,1335,1336,1337,1339,1340,1341,1342,1343,1344,1345,1347,1349,1350,1351,1371,1373,1378,1381,1382,1383,1399,1421,1427
1426
1422,1423,1424,1425
1374,1375,1376,1379,1384,1385,1386,1388,1389,1390,1391,1392,1393,1394,1395,1396,1397,1398,1400,1402,1403,1406,1407,1408,1409,1410,1411,1412,1413,1414,1416,1417,1418,1419,1420
1377
609,610,888,889,1030,1352,1353,1356,1370,1372
1219,1220,1221,1222,1223,1224,1225,1226,1227,1228,1229,1230,1231,1232,1234,1235,1236,1237,1238,1239,1240,1241,1242,1243,1244,1245,1246,1249,1250,1251,1253,1254,1255,1256,1257,1258,1259,1260,1261,1263,1265,1266,1267,1268,1269,1271,1272,1273,1274,1275,1276,1277,1283,1284,1286,1287,1288,1289,1290,1291,1293,1295,1297,1298,1300,1302,1303,1304,1305,1311,1312,1319,1331,1332,1333,1338,1346,1358,1365,1366,1368,1369
1362,1363,1364
1359,1360
1348
1328,1329,1330
1323,1324,1325,1326,1327
1306,1307,1310,1313,1314,1315,1316,1318,1320,1321,1322
1292,1294,1299,1301
1296
1278,1279,1280,1281,1282,1361
1193,1194,1196,1197,1270
611,612,615,622,623,624,625,631,633,1072,1161,1162,1164,1252
1200,1201,1202,1205,1206,1207,1208,1210,1211,1212,1214,1215,1216,1218
1142,1217
1199,1203,1213
1183,1186,1187,1188,1189,1190,1191,1192,1195,1198
1184
1167,1168,1171,1172,1173,1182
1174,1175,1176,1177,1178,1181
1148,1179
1157,1158,1159,1166,1170
820,821,826,828,829,830,831,832,836,838,839,840,841,842,843,844,852,853,856,857,870,898,902,911,940,1022,1023,1024,1025,1026,1027,1169
1143,1145,1146,1147,1149,1151,1152,1153,1154,1155,1156,1165
1144
1140,1141
1135,1136,1138,1139
1137
1113,1114,1115,1116,1117,1118,1119,1120,1121,1122,1123,1124,1125,1126,1127,1128,1129,1130,1131,1132,1133,1134
1028,1029,1031,1032,1033,1037,1038,1048,1052,1057,1073,1074,1075,1076,1077,1078,1080,1081,1083,1085,1086,1087,1088,1089,1090,1091,1092,1093,1094,1095,1096,1097,1098,1099,1100,1101,1103,1105,1110,1112
1102,1106,1107,1108,1109,1111
1079,1084
1062,1063,1064,1065,1066,1067,1070,1071
1058,1059,1060,1061
1050,1053,1054,1056
1039,1040,1041,1042,1044,1045,1046,1047,1049,1051
1034,1035
1001,1002,1003,1004,1013,1014,1016,1019,1020,1021
988,989,995,998,1005,1006,1007,1008,1009,1010,1011,1012,1017,1018
991,993,994,996,999,1000
706,707,713,714,715,716,717,718,719,721,722,723,725,726,727,744,745,746,747,748,749,753,754,755,756,757,758,761,762,763,764,765,767,768,769,772,775,776,777,778,779,780,781,782,783,784,785,786,787,788,789,791,792,793,794,795,796,797,798,799,800,801,802,804,807,808,809,810,811,813,814,815,816,817,818,819,822,823,824,825,827,833,834,835,837,845,846,847,848,849,854,855,858,859,860,862,863,867,868,869,873,874,875,877,878,879,880,883,884,886,887,890,893,894,895,896,897,899,900,901,903,904,905,906,908,910,912,913,915,916,921,924,928,929,936,937,939,941,943,945,946,947,949,950,951,952,953,954,955,956,958,960,964,965,966,972,973,987,990,997
967,968,969,970,971,974,975,976,978,980,982,983,984,985,986
961,962,963
917,918,919,922,923,925,926,932,933,938,944,948,959
957
920,930,931,934,935
891,914
871,872,876,881
850,851
805,806,812
770,771,773,774,864
728,729,730,731,732,736,739,740,741,742,743,750,751,752
701,702,703,704,705,708,720
25,26,27,634,635,636,637,638,639,640,641,642,643,644,645,646,647,649,655,657,697,700,709,711,712
698,699
694,695
677,678,681,682,683,691,693
651,659,660,670,672,674,680,688,690,692
663,664,665,666,667,668,673,675,676,679,687
685,686
630,661,662,669
658
652,653,654,656
632
629
617,618,626,627,628
550,551,552,554,561,572,573,590,592,620,621
299,300,301,302,305,307,309,310,311,312,313,315,357,428,431,434,462,464,475,476,484,494,495,502,503,504,541,543,613,619
574,575,583,588,589,591,593,614
598,599,600,601,602,603,604,605,606,607,608
579,580,581,582,584,585,586,587,595,596
505,506,507,508,509,511,527,556,559,560,563,564,565,567,568,569,570,577,578
549,562,571
553
8,9,10,11,12,14,15,17,35,351,356,359,360,377,378,379,432,443,444,445,446,448,449,450,452,454,455,456,457,459,465,474,492,496,525,536,545,546,548
420,423,424,425,426,544
381,386,388,389,390,391,393,395,400,410,411,415,416,427,429,430,435,460,461,463,466,467,468,469,473,479,480,481,485,488,489,490,491,497,501,513,514,515,522,526,528,530,531,532,533,534,535,537,538,539,540,542
510,516,517,518,519,521,523,524
512,520
482,483,498
371,372,374,376,471,472,478
470
437,438,439,440,441,442,451,453,458
380,382,383,384,385,433,436
408,409,417,418,419
401,402,405,407
392,394,397,399,403,404,406
364,365,366,368,369,373,375
337,338,339,340,341,342,343,344,346,347,350,352,354,363
361,362
348,349,358
353,355
332,336
324,325,331,335
286,287,288,289,290,291,292,293,294,295,297,303,329,330,333,334
319,320,321,322,323,326,327,328
304,306,308,314,316,317,318
259,260,262,270,271,273,274,275,283,296
272,284,285
279,280,281,282
261,263,264,265,266,267,269,276,278
277
256,268
253,254,255
244,245,246,247
242,243
177,178,179,180,181,182,183,184,186,188,189,192,197,198,199,201,222,223,224,225,227,228,232,236,238,241
202,203,204,207,208,209,210,211,215,216,217,218,219,220,221
205,206
193,194,195,196,200
187,190,191
164,165,166,167,168,169,170,171,172,173,175,176
110,174
159,162,163
133,137,138,142,161
143,144,145,146,147,148,149,150,152,157,158,160
135,153
132,140,141
131,134,139
130
129
128
127
126
120,121,122,124,125
111,119
97,99,100,101,102,103,118
117
113,114,115
109,112
104,105,107,108
98,106
96
28,29,30,31,32,33,34,94,95
18,19,93
90,91,92
36,37,38,39,40,42,43,44,45,46,47,48,49,50,51,52,53,54,55,56,57,58,59,60,61,62,63,64,65,66,67,68,69,71,72,73,74,75,76,77,78,79,81,82,83,84,85,86,87,88,89
23,24
20,21,22
16
2,5,6,7,13
3
1
